00:27:37 **** Build of configuration Debug for project Seven_Segment ****
make all 
Building file: ../main.c
Invoking: AVR Compiler
avr-gcc -Wall -g2 -gstabs -O0 -fpack-struct -fshort-enums -ffunction-sections -fdata-sections -std=gnu99 -funsigned-char -funsigned-bitfields -mmcu=atmega32 -DF_CPU=8000000UL -MMD -MP -MF"main.d" -MT"main.o" -c -o "main.o" "../main.c"
In file included from ../main.c:10:
c:/winavr/lib/gcc/../../avr/include/util/delay.h:90:3: warning: #warning "Compiler optimizations disabled; functions from <util/delay.h> won't work as designed"
Finished building: ../main.c
 
Building target: Seven_Segment.elf
Invoking: AVR C Linker
avr-gcc -Wl,-Map,Seven_Segment.map -mmcu=atmega32 -o "Seven_Segment.elf"  ./main.o   
Finished building target: Seven_Segment.elf
 
Invoking: AVR Create Extended Listing
avr-objdump -h -S Seven_Segment.elf  >"Seven_Segment.lss"
Finished building: Seven_Segment.lss
 
Create Flash image (ihex format)
avr-objcopy -R .eeprom -R .fuse -R .lock -R .signature -O ihex Seven_Segment.elf  "Seven_Segment.hex"
Finished building: Seven_Segment.hex
 
Invoking: Print Size
avr-size --format=avr --mcu=atmega32 Seven_Segment.elf
AVR Memory Usage
----------------
Device: atmega32

Program:    3394 bytes (10.4% Full)
(.text + .data + .bootloader)

Data:         28 bytes (1.4% Full)
(.data + .bss + .noinit)


Finished building: sizedummy
 

00:27:37 Build Finished (took 607ms)

